wayf-static.php 
wayf.php
wayf.js
wayf-dev-ui.php
wayf-dev-ui.js
wayf-dev.php
wayf-dev.js
trash_64.png
trash_48.png
trash_32.png
Mobile_Detect.php
mobile.css
missing.png_b64
logo
libraries.dat
json2.js
jquery-ui.js
jquery-ui.css
jquery.ui.accordion.js
jquery-2.0.0.js
hostname
help.png
gear_wheel.png
gb.png
filter.php
filter.js
feeds.js
favicon.ico
errorpage.css
ds.js
cs.png
computer-shared.css
computer-noscript-dumb.css
computer-noscript.css
computer-iframe.css
computer.css
base64.js
android.css
